# JRE version: OpenJDK Runtime Environment (8.0_112-b06) (build 1.8.0_112-release-b06)
# Java VM: OpenJDK 64-Bit Server VM (25.112-b06 mixed mode linux-amd64 compressed oops)
Heap:
 PSYoungGen      total 169984K, used 17917K [0x00000000eab00000, 0x00000000f6b00000, 0x0000000100000000)
  eden space 152064K, 0% used [0x00000000eab00000,0x00000000eab00000,0x00000000f3f80000)
  from space 17920K, 99% used [0x00000000f3f80000,0x00000000f50ff4f8,0x00000000f5100000)
  to   space 14848K, 0% used [0x00000000f5100000,0x00000000f5100000,0x00000000f5f80000)
 ParOldGen       total 62976K, used 44798K [0x00000000c0000000, 0x00000000c3d80000, 0x00000000eab00000)
  object space 62976K, 71% used [0x00000000c0000000,0x00000000c2bbfb00,0x00000000c3d80000)
 Metaspace       used 42167K, capacity 43290K, committed 43392K, reserved 1087488K
  class space    used 5676K, capacity 5977K, committed 6016K, reserved 1048576K
GC Heap History (10 events):
Event: 5,888 GC heap after
Heap after GC invocations=10 (full 1):
 PSYoungGen      total 128000K, used 8181K [0x00000000eab00000, 0x00000000f3a80000, 0x0000000100000000)
  eden space 119808K, 0% used [0x00000000eab00000,0x00000000eab00000,0x00000000f2000000)
  from space 8192K, 99% used [0x00000000f2000000,0x00000000f27fd798,0x00000000f2800000)
  to   space 10752K, 0% used [0x00000000f3000000,0x00000000f3000000,0x00000000f3a80000)
 ParOldGen       total 39936K, used 15951K [0x00000000c0000000, 0x00000000c2700000, 0x00000000eab00000)
  object space 39936K, 39% used [0x00000000c0000000,0x00000000c0f93d78,0x00000000c2700000)
 Metaspace       used 31811K, capacity 32428K, committed 32768K, reserved 1077248K
  class space    used 4281K, capacity 4499K, committed 4608K, reserved 1048576K
}
Event: 6,949 GC heap before
{Heap before GC invocations=11 (full 1):
 PSYoungGen      total 128000K, used 69183K [0x00000000eab00000, 0x00000000f3a80000, 0x0000000100000000)
  eden space 119808K, 50% used [0x00000000eab00000,0x00000000ee692848,0x00000000f2000000)
  from space 8192K, 99% used [0x00000000f2000000,0x00000000f27fd798,0x00000000f2800000)
  to   space 10752K, 0% used [0x00000000f3000000,0x00000000f3000000,0x00000000f3a80000)
 ParOldGen       total 39936K, used 15951K [0x00000000c0000000, 0x00000000c2700000, 0x00000000eab00000)
  object space 39936K, 39% used [0x00000000c0000000,0x00000000c0f93d78,0x00000000c2700000)
 Metaspace       used 34597K, capacity 35394K, committed 35496K, reserved 1079296K
  class space    used 4675K, capacity 4862K, committed 4864K, reserved 1048576K
Event: 6,981 GC heap after
Heap after GC invocations=11 (full 1):
 PSYoungGen      total 132608K, used 10752K [0x00000000eab00000, 0x00000000f6280000, 0x0000000100000000)
  eden space 121856K, 0% used [0x00000000eab00000,0x00000000eab00000,0x00000000f2200000)
  from space 10752K, 100% used [0x00000000f3000000,0x00000000f3a80000,0x00000000f3a80000)
  to   space 14336K, 0% used [0x00000000f2200000,0x00000000f2200000,0x00000000f3000000)
 ParOldGen       total 39936K, used 21230K [0x00000000c0000000, 0x00000000c2700000, 0x00000000eab00000)
  object space 39936K, 53% used [0x00000000c0000000,0x00000000c14bbac0,0x00000000c2700000)
 Metaspace       used 34597K, capacity 35394K, committed 35496K, reserved 1079296K
  class space    used 4675K, capacity 4862K, committed 4864K, reserved 1048576K
}
Event: 6,981 GC heap before
{Heap before GC invocations=12 (full 2):
 PSYoungGen      total 132608K, used 10752K [0x00000000eab00000, 0x00000000f6280000, 0x0000000100000000)
  eden space 121856K, 0% used [0x00000000eab00000,0x00000000eab00000,0x00000000f2200000)
  from space 10752K, 100% used [0x00000000f3000000,0x00000000f3a80000,0x00000000f3a80000)
  to   space 14336K, 0% used [0x00000000f2200000,0x00000000f2200000,0x00000000f3000000)
 ParOldGen       total 39936K, used 21230K [0x00000000c0000000, 0x00000000c2700000, 0x00000000eab00000)
  object space 39936K, 53% used [0x00000000c0000000,0x00000000c14bbac0,0x00000000c2700000)
 Metaspace       used 34597K, capacity 35394K, committed 35496K, reserved 1079296K
  class space    used 4675K, capacity 4862K, committed 4864K, reserved 1048576K
Event: 7,099 GC heap after
Heap after GC invocations=12 (full 2):
 PSYoungGen      total 132608K, used 0K [0x00000000eab00000, 0x00000000f6280000, 0x0000000100000000)
  eden space 121856K, 0% used [0x00000000eab00000,0x00000000eab00000,0x00000000f2200000)
  from space 10752K, 0% used [0x00000000f3000000,0x00000000f3000000,0x00000000f3a80000)
  to   space 14336K, 0% used [0x00000000f2200000,0x00000000f2200000,0x00000000f3000000)
 ParOldGen       total 62976K, used 23861K [0x00000000c0000000, 0x00000000c3d80000, 0x00000000eab00000)
  object space 62976K, 37% used [0x00000000c0000000,0x00000000c174d7a8,0x00000000c3d80000)
 Metaspace       used 34597K, capacity 35394K, committed 35496K, reserved 1079296K
  class space    used 4675K, capacity 4862K, committed 4864K, reserved 1048576K
}
Event: 9,337 GC heap before
{Heap before GC invocations=13 (full 2):
 PSYoungGen      total 132608K, used 121856K [0x00000000eab00000, 0x00000000f6280000, 0x0000000100000000)
  eden space 121856K, 100% used [0x00000000eab00000,0x00000000f2200000,0x00000000f2200000)
  from space 10752K, 0% used [0x00000000f3000000,0x00000000f3000000,0x00000000f3a80000)
  to   space 14336K, 0% used [0x00000000f2200000,0x00000000f2200000,0x00000000f3000000)
 ParOldGen       total 62976K, used 23861K [0x00000000c0000000, 0x00000000c3d80000, 0x00000000eab00000)
  object space 62976K, 37% used [0x00000000c0000000,0x00000000c174d7a8,0x00000000c3d80000)
 Metaspace       used 38968K, capacity 40038K, committed 40320K, reserved 1083392K
  class space    used 5335K, capacity 5634K, committed 5760K, reserved 1048576K
Event: 9,354 GC heap after
Heap after GC invocations=13 (full 2):
 PSYoungGen      total 136192K, used 10502K [0x00000000eab00000, 0x00000000f5f80000, 0x0000000100000000)
  eden space 121856K, 0% used [0x00000000eab00000,0x00000000eab00000,0x00000000f2200000)
  from space 14336K, 73% used [0x00000000f2200000,0x00000000f2c41b10,0x00000000f3000000)
  to   space 14848K, 0% used [0x00000000f5100000,0x00000000f5100000,0x00000000f5f80000)
 ParOldGen       total 62976K, used 23869K [0x00000000c0000000, 0x00000000c3d80000, 0x00000000eab00000)
  object space 62976K, 37% used [0x00000000c0000000,0x00000000c174f7a8,0x00000000c3d80000)
 Metaspace       used 38968K, capacity 40038K, committed 40320K, reserved 1083392K
  class space    used 5335K, capacity 5634K, committed 5760K, reserved 1048576K
}
Event: 11,556 GC heap before
{Heap before GC invocations=14 (full 2):
 PSYoungGen      total 136192K, used 132358K [0x00000000eab00000, 0x00000000f5f80000, 0x0000000100000000)
  eden space 121856K, 100% used [0x00000000eab00000,0x00000000f2200000,0x00000000f2200000)
  from space 14336K, 73% used [0x00000000f2200000,0x00000000f2c41b10,0x00000000f3000000)
  to   space 14848K, 0% used [0x00000000f5100000,0x00000000f5100000,0x00000000f5f80000)
 ParOldGen       total 62976K, used 23869K [0x00000000c0000000, 0x00000000c3d80000, 0x00000000eab00000)
  object space 62976K, 37% used [0x00000000c0000000,0x00000000c174f7a8,0x00000000c3d80000)
 Metaspace       used 40519K, capacity 41594K, committed 41728K, reserved 1085440K
  class space    used 5495K, capacity 5769K, committed 5888K, reserved 1048576K
Event: 11,677 GC heap after
Heap after GC invocations=14 (full 2):
 PSYoungGen      total 166912K, used 14832K [0x00000000eab00000, 0x00000000f6b00000, 0x0000000100000000)
  eden space 152064K, 0% used [0x00000000eab00000,0x00000000eab00000,0x00000000f3f80000)
  from space 14848K, 99% used [0x00000000f5100000,0x00000000f5f7c2f0,0x00000000f5f80000)
  to   space 17920K, 0% used [0x00000000f3f80000,0x00000000f3f80000,0x00000000f5100000)
 ParOldGen       total 62976K, used 25780K [0x00000000c0000000, 0x00000000c3d80000, 0x00000000eab00000)
  object space 62976K, 40% used [0x00000000c0000000,0x00000000c192d3e0,0x00000000c3d80000)
 Metaspace       used 40519K, capacity 41594K, committed 41728K, reserved 1085440K
  class space    used 5495K, capacity 5769K, committed 5888K, reserved 1048576K
}
Event: 19,136 GC heap before
{Heap before GC invocations=15 (full 2):
 PSYoungGen      total 166912K, used 166896K [0x00000000eab00000, 0x00000000f6b00000, 0x0000000100000000)
  eden space 152064K, 100% used [0x00000000eab00000,0x00000000f3f80000,0x00000000f3f80000)
  from space 14848K, 99% used [0x00000000f5100000,0x00000000f5f7c2f0,0x00000000f5f80000)
  to   space 17920K, 0% used [0x00000000f3f80000,0x00000000f3f80000,0x00000000f5100000)
 ParOldGen       total 62976K, used 25780K [0x00000000c0000000, 0x00000000c3d80000, 0x00000000eab00000)
  object space 62976K, 40% used [0x00000000c0000000,0x00000000c192d3e0,0x00000000c3d80000)
 Metaspace       used 42167K, capacity 43290K, committed 43392K, reserved 1087488K
  class space    used 5676K, capacity 5977K, committed 6016K, reserved 1048576K

