# JRE version: OpenJDK Runtime Environment (8.0_112-b06) (build 1.8.0_112-release-b06)
# Java VM: OpenJDK 64-Bit Server VM (25.112-b06 mixed mode linux-amd64 compressed oops)
Heap:
 PSYoungGen      total 68096K, used 6641K [0x00000000eab00000, 0x00000000ef400000, 0x0000000100000000)
  eden space 61440K, 0% used [0x00000000eab00000,0x00000000eab00000,0x00000000ee700000)
  from space 6656K, 99% used [0x00000000ee700000,0x00000000eed7c740,0x00000000eed80000)
  to   space 6144K, 0% used [0x00000000eee00000,0x00000000eee00000,0x00000000ef400000)
 ParOldGen       total 33280K, used 10264K [0x00000000c0000000, 0x00000000c2080000, 0x00000000eab00000)
  object space 33280K, 30% used [0x00000000c0000000,0x00000000c0a06390,0x00000000c2080000)
 Metaspace       used 25386K, capacity 25834K, committed 26112K, reserved 1071104K
  class space    used 3389K, capacity 3523K, committed 3584K, reserved 1048576K
GC Heap History (10 events):
Event: 1,686 GC heap after
Heap after GC invocations=5 (full 0):
 PSYoungGen      total 17408K, used 2016K [0x00000000eab00000, 0x00000000ed600000, 0x0000000100000000)
  eden space 15360K, 0% used [0x00000000eab00000,0x00000000eab00000,0x00000000eba00000)
  from space 2048K, 98% used [0x00000000eba00000,0x00000000ebbf8020,0x00000000ebc00000)
  to   space 6656K, 0% used [0x00000000ecf80000,0x00000000ecf80000,0x00000000ed600000)
 ParOldGen       total 39936K, used 8291K [0x00000000c0000000, 0x00000000c2700000, 0x00000000eab00000)
  object space 39936K, 20% used [0x00000000c0000000,0x00000000c0818c08,0x00000000c2700000)
 Metaspace       used 15744K, capacity 16046K, committed 16256K, reserved 1062912K
  class space    used 2068K, capacity 2157K, committed 2176K, reserved 1048576K
}
Event: 1,918 GC heap before
{Heap before GC invocations=6 (full 0):
 PSYoungGen      total 17408K, used 17347K [0x00000000eab00000, 0x00000000ed600000, 0x0000000100000000)
  eden space 15360K, 99% used [0x00000000eab00000,0x00000000eb9f8e08,0x00000000eba00000)
  from space 2048K, 98% used [0x00000000eba00000,0x00000000ebbf8020,0x00000000ebc00000)
  to   space 6656K, 0% used [0x00000000ecf80000,0x00000000ecf80000,0x00000000ed600000)
 ParOldGen       total 39936K, used 8291K [0x00000000c0000000, 0x00000000c2700000, 0x00000000eab00000)
  object space 39936K, 20% used [0x00000000c0000000,0x00000000c0818c08,0x00000000c2700000)
 Metaspace       used 17570K, capacity 17926K, committed 18176K, reserved 1064960K
  class space    used 2371K, capacity 2481K, committed 2560K, reserved 1048576K
Event: 1,927 GC heap after
Heap after GC invocations=6 (full 0):
 PSYoungGen      total 36352K, used 4202K [0x00000000eab00000, 0x00000000ed500000, 0x0000000100000000)
  eden space 30720K, 0% used [0x00000000eab00000,0x00000000eab00000,0x00000000ec900000)
  from space 5632K, 74% used [0x00000000ecf80000,0x00000000ed39aab8,0x00000000ed500000)
  to   space 6144K, 0% used [0x00000000ec900000,0x00000000ec900000,0x00000000ecf00000)
 ParOldGen       total 39936K, used 8299K [0x00000000c0000000, 0x00000000c2700000, 0x00000000eab00000)
  object space 39936K, 20% used [0x00000000c0000000,0x00000000c081ac08,0x00000000c2700000)
 Metaspace       used 17570K, capacity 17926K, committed 18176K, reserved 1064960K
  class space    used 2371K, capacity 2481K, committed 2560K, reserved 1048576K
}
Event: 2,807 GC heap before
{Heap before GC invocations=7 (full 0):
 PSYoungGen      total 36352K, used 34922K [0x00000000eab00000, 0x00000000ed500000, 0x0000000100000000)
  eden space 30720K, 100% used [0x00000000eab00000,0x00000000ec900000,0x00000000ec900000)
  from space 5632K, 74% used [0x00000000ecf80000,0x00000000ed39aab8,0x00000000ed500000)
  to   space 6144K, 0% used [0x00000000ec900000,0x00000000ec900000,0x00000000ecf00000)
 ParOldGen       total 39936K, used 8299K [0x00000000c0000000, 0x00000000c2700000, 0x00000000eab00000)
  object space 39936K, 20% used [0x00000000c0000000,0x00000000c081ac08,0x00000000c2700000)
 Metaspace       used 20687K, capacity 21046K, committed 21248K, reserved 1067008K
  class space    used 2708K, capacity 2815K, committed 2816K, reserved 1048576K
Event: 2,820 GC heap after
Heap after GC invocations=7 (full 0):
 PSYoungGen      total 36864K, used 5745K [0x00000000eab00000, 0x00000000ef500000, 0x0000000100000000)
  eden space 30720K, 0% used [0x00000000eab00000,0x00000000eab00000,0x00000000ec900000)
  from space 6144K, 93% used [0x00000000ec900000,0x00000000ece9c7d0,0x00000000ecf00000)
  to   space 7168K, 0% used [0x00000000eee00000,0x00000000eee00000,0x00000000ef500000)
 ParOldGen       total 39936K, used 8643K [0x00000000c0000000, 0x00000000c2700000, 0x00000000eab00000)
  object space 39936K, 21% used [0x00000000c0000000,0x00000000c0870c08,0x00000000c2700000)
 Metaspace       used 20687K, capacity 21046K, committed 21248K, reserved 1067008K
  class space    used 2708K, capacity 2815K, committed 2816K, reserved 1048576K
}
Event: 2,845 GC heap before
{Heap before GC invocations=8 (full 0):
 PSYoungGen      total 36864K, used 9815K [0x00000000eab00000, 0x00000000ef500000, 0x0000000100000000)
  eden space 30720K, 13% used [0x00000000eab00000,0x00000000eaef97d0,0x00000000ec900000)
  from space 6144K, 93% used [0x00000000ec900000,0x00000000ece9c7d0,0x00000000ecf00000)
  to   space 7168K, 0% used [0x00000000eee00000,0x00000000eee00000,0x00000000ef500000)
 ParOldGen       total 39936K, used 8643K [0x00000000c0000000, 0x00000000c2700000, 0x00000000eab00000)
  object space 39936K, 21% used [0x00000000c0000000,0x00000000c0870c08,0x00000000c2700000)
 Metaspace       used 20852K, capacity 21174K, committed 21248K, reserved 1067008K
  class space    used 2711K, capacity 2815K, committed 2816K, reserved 1048576K
Event: 2,860 GC heap after
Heap after GC invocations=8 (full 0):
 PSYoungGen      total 67584K, used 4102K [0x00000000eab00000, 0x00000000ef400000, 0x0000000100000000)
  eden space 61440K, 0% used [0x00000000eab00000,0x00000000eab00000,0x00000000ee700000)
  from space 6144K, 66% used [0x00000000eee00000,0x00000000ef201be0,0x00000000ef400000)
  to   space 6656K, 0% used [0x00000000ee700000,0x00000000ee700000,0x00000000eed80000)
 ParOldGen       total 39936K, used 9403K [0x00000000c0000000, 0x00000000c2700000, 0x00000000eab00000)
  object space 39936K, 23% used [0x00000000c0000000,0x00000000c092ec48,0x00000000c2700000)
 Metaspace       used 20852K, capacity 21174K, committed 21248K, reserved 1067008K
  class space    used 2711K, capacity 2815K, committed 2816K, reserved 1048576K
}
Event: 2,860 GC heap before
{Heap before GC invocations=9 (full 1):
 PSYoungGen      total 67584K, used 4102K [0x00000000eab00000, 0x00000000ef400000, 0x0000000100000000)
  eden space 61440K, 0% used [0x00000000eab00000,0x00000000eab00000,0x00000000ee700000)
  from space 6144K, 66% used [0x00000000eee00000,0x00000000ef201be0,0x00000000ef400000)
  to   space 6656K, 0% used [0x00000000ee700000,0x00000000ee700000,0x00000000eed80000)
 ParOldGen       total 39936K, used 9403K [0x00000000c0000000, 0x00000000c2700000, 0x00000000eab00000)
  object space 39936K, 23% used [0x00000000c0000000,0x00000000c092ec48,0x00000000c2700000)
 Metaspace       used 20852K, capacity 21174K, committed 21248K, reserved 1067008K
  class space    used 2711K, capacity 2815K, committed 2816K, reserved 1048576K
Event: 2,964 GC heap after
Heap after GC invocations=9 (full 1):
 PSYoungGen      total 67584K, used 0K [0x00000000eab00000, 0x00000000ef400000, 0x0000000100000000)
  eden space 61440K, 0% used [0x00000000eab00000,0x00000000eab00000,0x00000000ee700000)
  from space 6144K, 0% used [0x00000000eee00000,0x00000000eee00000,0x00000000ef400000)
  to   space 6656K, 0% used [0x00000000ee700000,0x00000000ee700000,0x00000000eed80000)
 ParOldGen       total 33280K, used 9680K [0x00000000c0000000, 0x00000000c2080000, 0x00000000eab00000)
  object space 33280K, 29% used [0x00000000c0000000,0x00000000c09743d8,0x00000000c2080000)
 Metaspace       used 20826K, capacity 21086K, committed 21248K, reserved 1067008K
  class space    used 2704K, capacity 2807K, committed 2816K, reserved 1048576K
}
Event: 10,457 GC heap before
{Heap before GC invocations=10 (full 1):
 PSYoungGen      total 67584K, used 61440K [0x00000000eab00000, 0x00000000ef400000, 0x0000000100000000)
  eden space 61440K, 100% used [0x00000000eab00000,0x00000000ee700000,0x00000000ee700000)
  from space 6144K, 0% used [0x00000000eee00000,0x00000000eee00000,0x00000000ef400000)
  to   space 6656K, 0% used [0x00000000ee700000,0x00000000ee700000,0x00000000eed80000)
 ParOldGen       total 33280K, used 9680K [0x00000000c0000000, 0x00000000c2080000, 0x00000000eab00000)
  object space 33280K, 29% used [0x00000000c0000000,0x00000000c09743d8,0x00000000c2080000)
 Metaspace       used 25386K, capacity 25834K, committed 26112K, reserved 1071104K
  class space    used 3389K, capacity 3523K, committed 3584K, reserved 1048576K

